<?xml version="1.0" encoding="UTF-8"?>
<testng-results skipped="0" failed="1" total="1" passed="0">
  <reporter-output>
  </reporter-output>
  <suite name="Default suite" duration-ms="8121" started-at="2014-09-06T14:18:22Z" finished-at="2014-09-06T14:18:30Z">
    <groups>
    </groups>
    <test name="Default test" duration-ms="8121" started-at="2014-09-06T14:18:22Z" finished-at="2014-09-06T14:18:30Z">
      <class name="com.example.tests.ContactModification">
        <test-method status="PASS" signature="setUp()[pri:0, instance:com.example.tests.ContactModification@6c977c1f]" name="setUp" is-config="true" duration-ms="4855" started-at="2014-09-06T18:18:22Z" finished-at="2014-09-06T18:18:27Z">
          <reporter-output>
          </reporter-output>
        </test-method> <!-- setUp -->
        <test-method status="FAIL" signature="deleteSomeContact()[pri:0, instance:com.example.tests.ContactModification@6c977c1f]" name="deleteSomeContact" duration-ms="3032" started-at="2014-09-06T18:18:27Z" finished-at="2014-09-06T18:18:30Z">
          <exception class="java.lang.AssertionError">
            <message>
              <![CDATA[Lists differ at element [1]: ContactData [contactName=Djohn, secondName=Lenon] != ContactData [contactName=Umma1994256979, secondName=Mila-1710073945] expected [ContactData [contactName=Djohn, secondName=Lenon]] but found [ContactData [contactName=Umma1994256979, secondName=Mila-1710073945]]]]>
            </message>
            <full-stacktrace>
              <![CDATA[java.lang.AssertionError: Lists differ at element [1]: ContactData [contactName=Djohn, secondName=Lenon] != ContactData [contactName=Umma1994256979, secondName=Mila-1710073945] expected [ContactData [contactName=Djohn, secondName=Lenon]] but found [ContactData [contactName=Umma1994256979, secondName=Mila-1710073945]]
	at org.testng.Assert.fail(Assert.java:94)
	at org.testng.Assert.failNotEquals(Assert.java:494)
	at org.testng.Assert.assertEquals(Assert.java:123)
	at org.testng.Assert.assertEquals(Assert.java:549)
	at org.testng.Assert.assertEquals(Assert.java:514)
	at com.example.tests.ContactModification.deleteSomeContact(ContactModification.java:39)
	at sun.reflect.NativeMethodAccessorImpl.invoke0(Native Method)
	at sun.reflect.NativeMethodAccessorImpl.invoke(Unknown Source)
	at sun.reflect.DelegatingMethodAccessorImpl.invoke(Unknown Source)
	at java.lang.reflect.Method.invoke(Unknown Source)
	at org.testng.internal.MethodInvocationHelper.invokeMethod(MethodInvocationHelper.java:84)
	at org.testng.internal.Invoker.invokeMethod(Invoker.java:714)
	at org.testng.internal.Invoker.invokeTestMethod(Invoker.java:901)
	at org.testng.internal.Invoker.invokeTestMethods(Invoker.java:1231)
	at org.testng.internal.TestMethodWorker.invokeTestMethods(TestMethodWorker.java:127)
	at org.testng.internal.TestMethodWorker.run(TestMethodWorker.java:111)
	at org.testng.TestRunner.privateRun(TestRunner.java:767)
	at org.testng.TestRunner.run(TestRunner.java:617)
	at org.testng.SuiteRunner.runTest(SuiteRunner.java:334)
	at org.testng.SuiteRunner.runSequentially(SuiteRunner.java:329)
	at org.testng.SuiteRunner.privateRun(SuiteRunner.java:291)
	at org.testng.SuiteRunner.run(SuiteRunner.java:240)
	at org.testng.SuiteRunnerWorker.runSuite(SuiteRunnerWorker.java:52)
	at org.testng.SuiteRunnerWorker.run(SuiteRunnerWorker.java:86)
	at org.testng.TestNG.runSuitesSequentially(TestNG.java:1224)
	at org.testng.TestNG.runSuitesLocally(TestNG.java:1149)
	at org.testng.TestNG.run(TestNG.java:1057)
	at org.testng.remote.RemoteTestNG.run(RemoteTestNG.java:111)
	at org.testng.remote.RemoteTestNG.initAndRun(RemoteTestNG.java:204)
	at org.testng.remote.RemoteTestNG.main(RemoteTestNG.java:175)
]]>
            </full-stacktrace>
          </exception> <!-- java.lang.AssertionError -->
          <reporter-output>
          </reporter-output>
        </test-method> <!-- deleteSomeContact -->
        <test-method status="PASS" signature="tearDown()[pri:0, instance:com.example.tests.ContactModification@6c977c1f]" name="tearDown" is-config="true" duration-ms="219" started-at="2014-09-06T18:18:30Z" finished-at="2014-09-06T18:18:30Z">
          <reporter-output>
          </reporter-output>
        </test-method> <!-- tearDown -->
      </class> <!-- com.example.tests.ContactModification -->
    </test> <!-- Default test -->
  </suite> <!-- Default suite -->
</testng-results>
